Determining if the include file malloc/malloc.h exists failed with the following output:
Change Dir: /home/linuxbrew/build/llvm_tools/build-llvm/llvm/CMakeFiles/CMakeTmp

Run Build Command:"/usr/bin/ninja" "cmTC_8fbda"
[1/2] Building C object CMakeFiles/cmTC_8fbda.dir/CheckIncludeFile.c.o
FAILED: CMakeFiles/cmTC_8fbda.dir/CheckIncludeFile.c.o 
/usr/bin/gcc    -o CMakeFiles/cmTC_8fbda.dir/CheckIncludeFile.c.o   -c CheckIncludeFile.c
CheckIncludeFile.c:1:10: fatal error: malloc/malloc.h: No such file or directory
 #include <malloc/malloc.h>
          ^~~~~~~~~~~~~~~~~
compilation terminated.
ninja: build stopped: subcommand failed.


Determining if the include file valgrind/valgrind.h exists failed with the following output:
Change Dir: /home/linuxbrew/build/llvm_tools/build-llvm/llvm/CMakeFiles/CMakeTmp

Run Build Command:"/usr/bin/ninja" "cmTC_e5f64"
[1/2] Building C object CMakeFiles/cmTC_e5f64.dir/CheckIncludeFile.c.o
FAILED: CMakeFiles/cmTC_e5f64.dir/CheckIncludeFile.c.o 
/usr/bin/gcc    -o CMakeFiles/cmTC_e5f64.dir/CheckIncludeFile.c.o   -c CheckIncludeFile.c
CheckIncludeFile.c:1:10: fatal error: valgrind/valgrind.h: No such file or directory
 #include <valgrind/valgrind.h>
          ^~~~~~~~~~~~~~~~~~~~~
compilation terminated.
ninja: build stopped: subcommand failed.


Determining if the include file mach/mach.h exists failed with the following output:
Change Dir: /home/linuxbrew/build/llvm_tools/build-llvm/llvm/CMakeFiles/CMakeTmp

Run Build Command:"/usr/bin/ninja" "cmTC_15306"
[1/2] Building C object CMakeFiles/cmTC_15306.dir/CheckIncludeFile.c.o
FAILED: CMakeFiles/cmTC_15306.dir/CheckIncludeFile.c.o 
/usr/bin/gcc    -o CMakeFiles/cmTC_15306.dir/CheckIncludeFile.c.o   -c CheckIncludeFile.c
CheckIncludeFile.c:1:10: fatal error: mach/mach.h: No such file or directory
 #include <mach/mach.h>
          ^~~~~~~~~~~~~
compilation terminated.
ninja: build stopped: subcommand failed.


Determining if the include file histedit.h exists failed with the following output:
Change Dir: /home/linuxbrew/build/llvm_tools/build-llvm/llvm/CMakeFiles/CMakeTmp

Run Build Command:"/usr/bin/ninja" "cmTC_1424a"
[1/2] Building C object CMakeFiles/cmTC_1424a.dir/CheckIncludeFile.c.o
FAILED: CMakeFiles/cmTC_1424a.dir/CheckIncludeFile.c.o 
/usr/bin/gcc    -o CMakeFiles/cmTC_1424a.dir/CheckIncludeFile.c.o   -c CheckIncludeFile.c
CheckIncludeFile.c:1:10: fatal error: histedit.h: No such file or directory
 #include <histedit.h>
          ^~~~~~~~~~~~
compilation terminated.
ninja: build stopped: subcommand failed.


Determining if the include file CrashReporterClient.h exists failed with the following output:
Change Dir: /home/linuxbrew/build/llvm_tools/build-llvm/llvm/CMakeFiles/CMakeTmp

Run Build Command:"/usr/bin/ninja" "cmTC_57ccf"
[1/2] Building C object CMakeFiles/cmTC_57ccf.dir/CheckIncludeFile.c.o
FAILED: CMakeFiles/cmTC_57ccf.dir/CheckIncludeFile.c.o 
/usr/bin/gcc    -o CMakeFiles/cmTC_57ccf.dir/CheckIncludeFile.c.o   -c CheckIncludeFile.c
CheckIncludeFile.c:1:10: fatal error: CrashReporterClient.h: No such file or directory
 #include <CrashReporterClient.h>
          ^~~~~~~~~~~~~~~~~~~~~~~
compilation terminated.
ninja: build stopped: subcommand failed.


Determining if the function pfm_initialize exists in the pfm failed with the following output:
Change Dir: /home/linuxbrew/build/llvm_tools/build-llvm/llvm/CMakeFiles/CMakeTmp

Run Build Command:"/usr/bin/ninja" "cmTC_33768"
[1/2] Building C object CMakeFiles/cmTC_33768.dir/CheckFunctionExists.c.o
[2/2] Linking C executable cmTC_33768
FAILED: cmTC_33768 
: && /usr/bin/gcc -DCHECK_FUNCTION_EXISTS=pfm_initialize   CMakeFiles/cmTC_33768.dir/CheckFunctionExists.c.o  -o cmTC_33768  -lpfm -lm && :
/usr/bin/ld: cannot find -lpfm
collect2: error: ld returned 1 exit status
ninja: build stopped: subcommand failed.


Determining if the pthread_create exist failed with the following output:
Change Dir: /home/linuxbrew/build/llvm_tools/build-llvm/llvm/CMakeFiles/CMakeTmp

Run Build Command:"/usr/bin/ninja" "cmTC_54a49"
[1/2] Building C object CMakeFiles/cmTC_54a49.dir/CheckSymbolExists.c.o
[2/2] Linking C executable cmTC_54a49
FAILED: cmTC_54a49 
: && /usr/bin/gcc    CMakeFiles/cmTC_54a49.dir/CheckSymbolExists.c.o  -o cmTC_54a49  -lm && :
CMakeFiles/cmTC_54a49.dir/CheckSymbolExists.c.o: In function `main':
CheckSymbolExists.c:(.text+0x1b): undefined reference to `pthread_create'
collect2: error: ld returned 1 exit status
ninja: build stopped: subcommand failed.

File /home/linuxbrew/build/llvm_tools/build-llvm/llvm/CMakeFiles/CMakeTmp/CheckSymbolExists.c:
/* */
#include <pthread.h>

int main(int argc, char** argv)
{
  (void)argv;
#ifndef pthread_create
  return ((int*)(&pthread_create))[argc];
#else
  (void)argc;
  return 0;
#endif
}

Determining if the function pthread_create exists in the pthreads failed with the following output:
Change Dir: /home/linuxbrew/build/llvm_tools/build-llvm/llvm/CMakeFiles/CMakeTmp

Run Build Command:"/usr/bin/ninja" "cmTC_1df58"
[1/2] Building C object CMakeFiles/cmTC_1df58.dir/CheckFunctionExists.c.o
[2/2] Linking C executable cmTC_1df58
FAILED: cmTC_1df58 
: && /usr/bin/gcc -DCHECK_FUNCTION_EXISTS=pthread_create   CMakeFiles/cmTC_1df58.dir/CheckFunctionExists.c.o  -o cmTC_1df58  -lpthreads -lm && :
/usr/bin/ld: cannot find -lpthreads
collect2: error: ld returned 1 exit status
ninja: build stopped: subcommand failed.


Determining if the function setupterm exists in the terminfo failed with the following output:
Change Dir: /home/linuxbrew/build/llvm_tools/build-llvm/llvm/CMakeFiles/CMakeTmp

Run Build Command:"/usr/bin/ninja" "cmTC_6a718"
[1/2] Building C object CMakeFiles/cmTC_6a718.dir/CheckFunctionExists.c.o
[2/2] Linking C executable cmTC_6a718
FAILED: cmTC_6a718 
: && /usr/bin/gcc -DCHECK_FUNCTION_EXISTS=setupterm   CMakeFiles/cmTC_6a718.dir/CheckFunctionExists.c.o  -o cmTC_6a718  -lterminfo -lm && :
/usr/bin/ld: cannot find -lterminfo
collect2: error: ld returned 1 exit status
ninja: build stopped: subcommand failed.


Determining if the function setupterm exists in the tinfo failed with the following output:
Change Dir: /home/linuxbrew/build/llvm_tools/build-llvm/llvm/CMakeFiles/CMakeTmp

Run Build Command:"/usr/bin/ninja" "cmTC_11bba"
[1/2] Building C object CMakeFiles/cmTC_11bba.dir/CheckFunctionExists.c.o
[2/2] Linking C executable cmTC_11bba
FAILED: cmTC_11bba 
: && /usr/bin/gcc -DCHECK_FUNCTION_EXISTS=setupterm   CMakeFiles/cmTC_11bba.dir/CheckFunctionExists.c.o  -o cmTC_11bba  -ltinfo -lm && :
/usr/bin/ld: cannot find -ltinfo
collect2: error: ld returned 1 exit status
ninja: build stopped: subcommand failed.


Determining if the function setupterm exists in the curses failed with the following output:
Change Dir: /home/linuxbrew/build/llvm_tools/build-llvm/llvm/CMakeFiles/CMakeTmp

Run Build Command:"/usr/bin/ninja" "cmTC_f9061"
[1/2] Building C object CMakeFiles/cmTC_f9061.dir/CheckFunctionExists.c.o
[2/2] Linking C executable cmTC_f9061
FAILED: cmTC_f9061 
: && /usr/bin/gcc -DCHECK_FUNCTION_EXISTS=setupterm   CMakeFiles/cmTC_f9061.dir/CheckFunctionExists.c.o  -o cmTC_f9061  -lcurses -lm && :
/usr/bin/ld: cannot find -lcurses
collect2: error: ld returned 1 exit status
ninja: build stopped: subcommand failed.


Determining if the function setupterm exists in the ncurses failed with the following output:
Change Dir: /home/linuxbrew/build/llvm_tools/build-llvm/llvm/CMakeFiles/CMakeTmp

Run Build Command:"/usr/bin/ninja" "cmTC_ae133"
[1/2] Building C object CMakeFiles/cmTC_ae133.dir/CheckFunctionExists.c.o
[2/2] Linking C executable cmTC_ae133
FAILED: cmTC_ae133 
: && /usr/bin/gcc -DCHECK_FUNCTION_EXISTS=setupterm   CMakeFiles/cmTC_ae133.dir/CheckFunctionExists.c.o  -o cmTC_ae133  -lncurses -lm && :
/usr/bin/ld: cannot find -lncurses
collect2: error: ld returned 1 exit status
ninja: build stopped: subcommand failed.


Determining if the function setupterm exists in the ncursesw failed with the following output:
Change Dir: /home/linuxbrew/build/llvm_tools/build-llvm/llvm/CMakeFiles/CMakeTmp

Run Build Command:"/usr/bin/ninja" "cmTC_ae1e4"
[1/2] Building C object CMakeFiles/cmTC_ae1e4.dir/CheckFunctionExists.c.o
[2/2] Linking C executable cmTC_ae1e4
FAILED: cmTC_ae1e4 
: && /usr/bin/gcc -DCHECK_FUNCTION_EXISTS=setupterm   CMakeFiles/cmTC_ae1e4.dir/CheckFunctionExists.c.o  -o cmTC_ae1e4  -lncursesw -lm && :
/usr/bin/ld: cannot find -lncursesw
collect2: error: ld returned 1 exit status
ninja: build stopped: subcommand failed.


Determining if the function xar_open exists in the xar failed with the following output:
Change Dir: /home/linuxbrew/build/llvm_tools/build-llvm/llvm/CMakeFiles/CMakeTmp

Run Build Command:"/usr/bin/ninja" "cmTC_98745"
[1/2] Building C object CMakeFiles/cmTC_98745.dir/CheckFunctionExists.c.o
[2/2] Linking C executable cmTC_98745
FAILED: cmTC_98745 
: && /usr/bin/gcc -DCHECK_FUNCTION_EXISTS=xar_open   CMakeFiles/cmTC_98745.dir/CheckFunctionExists.c.o  -o cmTC_98745  -lxar -lm && :
/usr/bin/ld: cannot find -lxar
collect2: error: ld returned 1 exit status
ninja: build stopped: subcommand failed.


Determining if the arc4random exist failed with the following output:
Change Dir: /home/linuxbrew/build/llvm_tools/build-llvm/llvm/CMakeFiles/CMakeTmp

Run Build Command:"/usr/bin/ninja" "cmTC_4c62e"
[1/2] Building C object CMakeFiles/cmTC_4c62e.dir/CheckSymbolExists.c.o
FAILED: CMakeFiles/cmTC_4c62e.dir/CheckSymbolExists.c.o 
/usr/bin/gcc    -o CMakeFiles/cmTC_4c62e.dir/CheckSymbolExists.c.o   -c CheckSymbolExists.c
CheckSymbolExists.c: In function 'main':
CheckSymbolExists.c:8:19: error: 'arc4random' undeclared (first use in this function); did you mean 'srandom'?
   return ((int*)(&arc4random))[argc];
                   ^~~~~~~~~~
                   srandom
CheckSymbolExists.c:8:19: note: each undeclared identifier is reported only once for each function it appears in
ninja: build stopped: subcommand failed.

File /home/linuxbrew/build/llvm_tools/build-llvm/llvm/CMakeFiles/CMakeTmp/CheckSymbolExists.c:
/* */
#include <stdlib.h>

int main(int argc, char** argv)
{
  (void)argv;
#ifndef arc4random
  return ((int*)(&arc4random))[argc];
#else
  (void)argc;
  return 0;
#endif
}

Performing C SOURCE FILE Test C_SUPPORTS_WERROR_UNGUARDED_AVAILABILITY_NEW failed with the following output:
Change Dir: /home/linuxbrew/build/llvm_tools/build-llvm/llvm/CMakeFiles/CMakeTmp

Run Build Command:"/usr/bin/ninja" "cmTC_1d028"
[1/2] Building C object CMakeFiles/cmTC_1d028.dir/src.c.o
FAILED: CMakeFiles/cmTC_1d028.dir/src.c.o 
/usr/bin/gcc   -DC_SUPPORTS_WERROR_UNGUARDED_AVAILABILITY_NEW   -Werror=unguarded-availability-new -o CMakeFiles/cmTC_1d028.dir/src.c.o   -c src.c
cc1: error: -Werror=unguarded-availability-new: no option -Wunguarded-availability-new
ninja: build stopped: subcommand failed.

Source file was:
int main(void) { return 0; }
Determining if the mallctl exist failed with the following output:
Change Dir: /home/linuxbrew/build/llvm_tools/build-llvm/llvm/CMakeFiles/CMakeTmp

Run Build Command:"/usr/bin/ninja" "cmTC_2b1c4"
[1/2] Building C object CMakeFiles/cmTC_2b1c4.dir/CheckSymbolExists.c.o
FAILED: CMakeFiles/cmTC_2b1c4.dir/CheckSymbolExists.c.o 
/usr/bin/gcc    -o CMakeFiles/cmTC_2b1c4.dir/CheckSymbolExists.c.o   -c CheckSymbolExists.c
CheckSymbolExists.c:2:10: fatal error: malloc_np.h: No such file or directory
 #include <malloc_np.h>
          ^~~~~~~~~~~~~
compilation terminated.
ninja: build stopped: subcommand failed.

File /home/linuxbrew/build/llvm_tools/build-llvm/llvm/CMakeFiles/CMakeTmp/CheckSymbolExists.c:
/* */
#include <malloc_np.h>

int main(int argc, char** argv)
{
  (void)argv;
#ifndef mallctl
  return ((int*)(&mallctl))[argc];
#else
  (void)argc;
  return 0;
#endif
}

Determining if the malloc_zone_statistics exist failed with the following output:
Change Dir: /home/linuxbrew/build/llvm_tools/build-llvm/llvm/CMakeFiles/CMakeTmp

Run Build Command:"/usr/bin/ninja" "cmTC_07900"
[1/2] Building C object CMakeFiles/cmTC_07900.dir/CheckSymbolExists.c.o
FAILED: CMakeFiles/cmTC_07900.dir/CheckSymbolExists.c.o 
/usr/bin/gcc    -o CMakeFiles/cmTC_07900.dir/CheckSymbolExists.c.o   -c CheckSymbolExists.c
CheckSymbolExists.c:2:10: fatal error: malloc/malloc.h: No such file or directory
 #include <malloc/malloc.h>
          ^~~~~~~~~~~~~~~~~
compilation terminated.
ninja: build stopped: subcommand failed.

File /home/linuxbrew/build/llvm_tools/build-llvm/llvm/CMakeFiles/CMakeTmp/CheckSymbolExists.c:
/* */
#include <malloc/malloc.h>

int main(int argc, char** argv)
{
  (void)argv;
#ifndef malloc_zone_statistics
  return ((int*)(&malloc_zone_statistics))[argc];
#else
  (void)argc;
  return 0;
#endif
}

Determining if the strerror_s exist failed with the following output:
Change Dir: /home/linuxbrew/build/llvm_tools/build-llvm/llvm/CMakeFiles/CMakeTmp

Run Build Command:"/usr/bin/ninja" "cmTC_cb28e"
[1/2] Building C object CMakeFiles/cmTC_cb28e.dir/CheckSymbolExists.c.o
FAILED: CMakeFiles/cmTC_cb28e.dir/CheckSymbolExists.c.o 
/usr/bin/gcc    -o CMakeFiles/cmTC_cb28e.dir/CheckSymbolExists.c.o   -c CheckSymbolExists.c
CheckSymbolExists.c: In function 'main':
CheckSymbolExists.c:8:19: error: 'strerror_s' undeclared (first use in this function); did you mean 'strerror_l'?
   return ((int*)(&strerror_s))[argc];
                   ^~~~~~~~~~
                   strerror_l
CheckSymbolExists.c:8:19: note: each undeclared identifier is reported only once for each function it appears in
ninja: build stopped: subcommand failed.

File /home/linuxbrew/build/llvm_tools/build-llvm/llvm/CMakeFiles/CMakeTmp/CheckSymbolExists.c:
/* */
#include <string.h>

int main(int argc, char** argv)
{
  (void)argv;
#ifndef strerror_s
  return ((int*)(&strerror_s))[argc];
#else
  (void)argc;
  return 0;
#endif
}

Determining if the dladdr exist failed with the following output:
Change Dir: /home/linuxbrew/build/llvm_tools/build-llvm/llvm/CMakeFiles/CMakeTmp

Run Build Command:"/usr/bin/ninja" "cmTC_dd09a"
[1/2] Building C object CMakeFiles/cmTC_dd09a.dir/CheckSymbolExists.c.o
FAILED: CMakeFiles/cmTC_dd09a.dir/CheckSymbolExists.c.o 
/usr/bin/gcc    -o CMakeFiles/cmTC_dd09a.dir/CheckSymbolExists.c.o   -c CheckSymbolExists.c
CheckSymbolExists.c: In function 'main':
CheckSymbolExists.c:8:19: error: 'dladdr' undeclared (first use in this function)
   return ((int*)(&dladdr))[argc];
                   ^~~~~~
CheckSymbolExists.c:8:19: note: each undeclared identifier is reported only once for each function it appears in
ninja: build stopped: subcommand failed.

File /home/linuxbrew/build/llvm_tools/build-llvm/llvm/CMakeFiles/CMakeTmp/CheckSymbolExists.c:
/* */
#include <dlfcn.h>

int main(int argc, char** argv)
{
  (void)argv;
#ifndef dladdr
  return ((int*)(&dladdr))[argc];
#else
  (void)argc;
  return 0;
#endif
}

Performing C SOURCE FILE Test HAVE_STRUCT_STAT_ST_MTIMESPEC_TV_NSEC failed with the following output:
Change Dir: /home/linuxbrew/build/llvm_tools/build-llvm/llvm/CMakeFiles/CMakeTmp

Run Build Command:"/usr/bin/ninja" "cmTC_e7cf9"
[1/2] Building C object CMakeFiles/cmTC_e7cf9.dir/src.c.o
FAILED: CMakeFiles/cmTC_e7cf9.dir/src.c.o 
/usr/bin/gcc   -DHAVE_STRUCT_STAT_ST_MTIMESPEC_TV_NSEC -o CMakeFiles/cmTC_e7cf9.dir/src.c.o   -c src.c
src.c: In function 'main':
src.c:7:37: error: 'struct stat' has no member named 'st_mtimespec'; did you mean 'st_mtim'?
    (void)sizeof(((struct stat *)0)->st_mtimespec.tv_nsec);
                                     ^~~~~~~~~~~~
                                     st_mtim
ninja: build stopped: subcommand failed.

Source file was:

#include <sys/types.h>
#include <sys/stat.h>

int main()
{
   (void)sizeof(((struct stat *)0)->st_mtimespec.tv_nsec);
   return 0;
}

Performing C++ SOURCE FILE Test SUPPORTS_GNU_ZERO_VARIADIC_MACRO_ARGUMENTS_FLAG failed with the following output:
Change Dir: /home/linuxbrew/build/llvm_tools/build-llvm/llvm/CMakeFiles/CMakeTmp

Run Build Command:"/usr/bin/ninja" "cmTC_a3081"
[1/2] Building CXX object CMakeFiles/cmTC_a3081.dir/src.cxx.o
FAILED: CMakeFiles/cmTC_a3081.dir/src.cxx.o 
/usr/bin/g++    -DSUPPORTS_GNU_ZERO_VARIADIC_MACRO_ARGUMENTS_FLAG   -Wgnu-zero-variadic-macro-arguments -o CMakeFiles/cmTC_a3081.dir/src.cxx.o -c src.cxx
g++: error: unrecognized command line option '-Wgnu-zero-variadic-macro-arguments'; did you mean '-Wno-variadic-macros'?
ninja: build stopped: subcommand failed.

Source file was:
int main() { return 0; }
Performing C++ SOURCE FILE Test CXX_SUPPORTS_WERROR_UNGUARDED_AVAILABILITY_NEW failed with the following output:
Change Dir: /home/linuxbrew/build/llvm_tools/build-llvm/llvm/CMakeFiles/CMakeTmp

Run Build Command:"/usr/bin/ninja" "cmTC_d738c"
[1/2] Building CXX object CMakeFiles/cmTC_d738c.dir/src.cxx.o
FAILED: CMakeFiles/cmTC_d738c.dir/src.cxx.o 
/usr/bin/g++    -fPIC -fvisibility-inlines-hidden -Werror=date-time -DCXX_SUPPORTS_WERROR_UNGUARDED_AVAILABILITY_NEW   -Werror -Werror=unguarded-availability-new -o CMakeFiles/cmTC_d738c.dir/src.cxx.o -c src.cxx
cc1plus: error: -Werror=unguarded-availability-new: no option -Wunguarded-availability-new
ninja: build stopped: subcommand failed.

Source file was:
int main() { return 0; }
Performing C SOURCE FILE Test C_SUPPORTS_COVERED_SWITCH_DEFAULT_FLAG failed with the following output:
Change Dir: /home/linuxbrew/build/llvm_tools/build-llvm/llvm/CMakeFiles/CMakeTmp

Run Build Command:"/usr/bin/ninja" "cmTC_8a549"
[1/2] Building C object CMakeFiles/cmTC_8a549.dir/src.c.o
FAILED: CMakeFiles/cmTC_8a549.dir/src.c.o 
/usr/bin/gcc   -fPIC -Werror=date-time -Wall -Wextra -Wno-unused-parameter -Wwrite-strings -Wno-missing-field-initializers -pedantic -Wno-long-long -Wimplicit-fallthrough -DC_SUPPORTS_COVERED_SWITCH_DEFAULT_FLAG   -Werror -Wcovered-switch-default -o CMakeFiles/cmTC_8a549.dir/src.c.o   -c src.c
gcc: error: unrecognized command line option '-Wcovered-switch-default'; did you mean '-Wno-switch-default'?
ninja: build stopped: subcommand failed.

Source file was:
int main(void) { return 0; }
Performing C++ SOURCE FILE Test CXX_SUPPORTS_COVERED_SWITCH_DEFAULT_FLAG failed with the following output:
Change Dir: /home/linuxbrew/build/llvm_tools/build-llvm/llvm/CMakeFiles/CMakeTmp

Run Build Command:"/usr/bin/ninja" "cmTC_59629"
[1/2] Building CXX object CMakeFiles/cmTC_59629.dir/src.cxx.o
FAILED: CMakeFiles/cmTC_59629.dir/src.cxx.o 
/usr/bin/g++    -fPIC -fvisibility-inlines-hidden -Werror=date-time -Wall -Wextra -Wno-unused-parameter -Wwrite-strings -Wcast-qual -Wno-missing-field-initializers -pedantic -Wno-long-long -Wimplicit-fallthrough -DCXX_SUPPORTS_COVERED_SWITCH_DEFAULT_FLAG   -Werror -Wcovered-switch-default -o CMakeFiles/cmTC_59629.dir/src.cxx.o -c src.cxx
g++: error: unrecognized command line option '-Wcovered-switch-default'; did you mean '-Wno-switch-default'?
ninja: build stopped: subcommand failed.

Source file was:
int main() { return 0; }
Performing C++ SOURCE FILE Test CXX_SUPPORTS_CLASS_MEMACCESS_FLAG failed with the following output:
Change Dir: /home/linuxbrew/build/llvm_tools/build-llvm/llvm/CMakeFiles/CMakeTmp

Run Build Command:"/usr/bin/ninja" "cmTC_1e7bd"
[1/2] Building CXX object CMakeFiles/cmTC_1e7bd.dir/src.cxx.o
FAILED: CMakeFiles/cmTC_1e7bd.dir/src.cxx.o 
/usr/bin/g++    -fPIC -fvisibility-inlines-hidden -Werror=date-time -Wall -Wextra -Wno-unused-parameter -Wwrite-strings -Wcast-qual -Wno-missing-field-initializers -pedantic -Wno-long-long -Wimplicit-fallthrough -Wno-maybe-uninitialized -DCXX_SUPPORTS_CLASS_MEMACCESS_FLAG   -Wclass-memaccess -o CMakeFiles/cmTC_1e7bd.dir/src.cxx.o -c src.cxx
g++: error: unrecognized command line option '-Wclass-memaccess'
ninja: build stopped: subcommand failed.

Source file was:
int main() { return 0; }
Performing C++ SOURCE FILE Test CXX_SUPPORTS_REDUNDANT_MOVE_FLAG failed with the following output:
Change Dir: /home/linuxbrew/build/llvm_tools/build-llvm/llvm/CMakeFiles/CMakeTmp

Run Build Command:"/usr/bin/ninja" "cmTC_74ff0"
[1/2] Building CXX object CMakeFiles/cmTC_74ff0.dir/src.cxx.o
FAILED: CMakeFiles/cmTC_74ff0.dir/src.cxx.o 
/usr/bin/g++    -fPIC -fvisibility-inlines-hidden -Werror=date-time -Wall -Wextra -Wno-unused-parameter -Wwrite-strings -Wcast-qual -Wno-missing-field-initializers -pedantic -Wno-long-long -Wimplicit-fallthrough -Wno-maybe-uninitialized -DCXX_SUPPORTS_REDUNDANT_MOVE_FLAG   -Wredundant-move -o CMakeFiles/cmTC_74ff0.dir/src.cxx.o -c src.cxx
g++: error: unrecognized command line option '-Wredundant-move'; did you mean '-Wredundant-decls'?
ninja: build stopped: subcommand failed.

Source file was:
int main() { return 0; }
Performing C SOURCE FILE Test C_SUPPORTS_DELETE_NON_VIRTUAL_DTOR_FLAG failed with the following output:
Change Dir: /home/linuxbrew/build/llvm_tools/build-llvm/llvm/CMakeFiles/CMakeTmp

Run Build Command:"/usr/bin/ninja" "cmTC_f2775"
[1/2] Building C object CMakeFiles/cmTC_f2775.dir/src.c.o
FAILED: CMakeFiles/cmTC_f2775.dir/src.c.o 
/usr/bin/gcc   -fPIC -Werror=date-time -Wall -Wextra -Wno-unused-parameter -Wwrite-strings -Wno-missing-field-initializers -pedantic -Wno-long-long -Wimplicit-fallthrough -DC_SUPPORTS_DELETE_NON_VIRTUAL_DTOR_FLAG   -Werror -Wdelete-non-virtual-dtor -o CMakeFiles/cmTC_f2775.dir/src.c.o   -c src.c
cc1: error: command line option '-Wdelete-non-virtual-dtor' is valid for C++/ObjC++ but not for C [-Werror]
cc1: all warnings being treated as errors
ninja: build stopped: subcommand failed.

Source file was:
int main(void) { return 0; }
Performing C SOURCE FILE Test C_WCOMMENT_ALLOWS_LINE_WRAP failed with the following output:
Change Dir: /home/linuxbrew/build/llvm_tools/build-llvm/llvm/CMakeFiles/CMakeTmp

Run Build Command:"/usr/bin/ninja" "cmTC_b1c92"
[1/2] Building C object CMakeFiles/cmTC_b1c92.dir/src.c.o
FAILED: CMakeFiles/cmTC_b1c92.dir/src.c.o 
/usr/bin/gcc -D_GNU_SOURCE  -fPIC -Werror=date-time -Wall -Wextra -Wno-unused-parameter -Wwrite-strings -Wno-missing-field-initializers -pedantic -Wno-long-long -Wimplicit-fallthrough -DC_WCOMMENT_ALLOWS_LINE_WRAP  -Werror -Wcomment -o CMakeFiles/cmTC_b1c92.dir/src.c.o   -c src.c
src.c:1:1: error: multi-line comment [-Werror=comment]
 // \
 ^
cc1: all warnings being treated as errors
ninja: build stopped: subcommand failed.

Source file was:
// \
//
int main() {return 0;}
Performing C SOURCE FILE Test C_SUPPORTS_STRING_CONVERSION_FLAG failed with the following output:
Change Dir: /home/linuxbrew/build/llvm_tools/build-llvm/llvm/CMakeFiles/CMakeTmp

Run Build Command:"/usr/bin/ninja" "cmTC_bd60e"
[1/2] Building C object CMakeFiles/cmTC_bd60e.dir/src.c.o
FAILED: CMakeFiles/cmTC_bd60e.dir/src.c.o 
/usr/bin/gcc   -fPIC -Werror=date-time -Wall -Wextra -Wno-unused-parameter -Wwrite-strings -Wno-missing-field-initializers -pedantic -Wno-long-long -Wimplicit-fallthrough -Wno-comment -DC_SUPPORTS_STRING_CONVERSION_FLAG   -Werror -Wstring-conversion -o CMakeFiles/cmTC_bd60e.dir/src.c.o   -c src.c
gcc: error: unrecognized command line option '-Wstring-conversion'; did you mean '-Wint-conversion'?
ninja: build stopped: subcommand failed.

Source file was:
int main(void) { return 0; }
Performing C++ SOURCE FILE Test CXX_SUPPORTS_STRING_CONVERSION_FLAG failed with the following output:
Change Dir: /home/linuxbrew/build/llvm_tools/build-llvm/llvm/CMakeFiles/CMakeTmp

Run Build Command:"/usr/bin/ninja" "cmTC_b183f"
[1/2] Building CXX object CMakeFiles/cmTC_b183f.dir/src.cxx.o
FAILED: CMakeFiles/cmTC_b183f.dir/src.cxx.o 
/usr/bin/g++    -fPIC -fvisibility-inlines-hidden -Werror=date-time -Wall -Wextra -Wno-unused-parameter -Wwrite-strings -Wcast-qual -Wno-missing-field-initializers -pedantic -Wno-long-long -Wimplicit-fallthrough -Wno-maybe-uninitialized -Wno-noexcept-type -Wdelete-non-virtual-dtor -Wno-comment -DCXX_SUPPORTS_STRING_CONVERSION_FLAG   -Werror -Wstring-conversion -o CMakeFiles/cmTC_b183f.dir/src.cxx.o -c src.cxx
g++: error: unrecognized command line option '-Wstring-conversion'; did you mean '-Wint-conversion'?
ninja: build stopped: subcommand failed.

Source file was:
int main() { return 0; }
Performing C++ SOURCE FILE Test LINKER_SUPPORTS_COLOR_DIAGNOSTICS failed with the following output:
Change Dir: /home/linuxbrew/build/llvm_tools/build-llvm/llvm/CMakeFiles/CMakeTmp

Run Build Command:"/usr/bin/ninja" "cmTC_ff760"
[1/2] Building CXX object CMakeFiles/cmTC_ff760.dir/src.cxx.o
[2/2] Linking CXX executable cmTC_ff760
FAILED: cmTC_ff760 
: && /usr/bin/g++  -fPIC -fvisibility-inlines-hidden -Werror=date-time -Wall -Wextra -Wno-unused-parameter -Wwrite-strings -Wcast-qual -Wno-missing-field-initializers -pedantic -Wno-long-long -Wimplicit-fallthrough -Wno-maybe-uninitialized -Wno-noexcept-type -Wdelete-non-virtual-dtor -Wno-comment -fdiagnostics-color -DLINKER_SUPPORTS_COLOR_DIAGNOSTICS  -Wl,--color-diagnostics CMakeFiles/cmTC_ff760.dir/src.cxx.o  -o cmTC_ff760  -lm && :
/usr/bin/ld: unrecognized option '--color-diagnostics'
/usr/bin/ld: use the --help option for usage information
collect2: error: ld returned 1 exit status
ninja: build stopped: subcommand failed.

Source file was:
int main() { return 0; }
Determining if the os_signpost_interval_begin exist failed with the following output:
Change Dir: /home/linuxbrew/build/llvm_tools/build-llvm/llvm/CMakeFiles/CMakeTmp

Run Build Command:"/usr/bin/ninja" "cmTC_7087b"
[1/2] Building C object CMakeFiles/cmTC_7087b.dir/CheckSymbolExists.c.o
FAILED: CMakeFiles/cmTC_7087b.dir/CheckSymbolExists.c.o 
/usr/bin/gcc -D_GNU_SOURCE  -fPIC -Werror=date-time -Wall -Wextra -Wno-unused-parameter -Wwrite-strings -Wno-missing-field-initializers -pedantic -Wno-long-long -Wimplicit-fallthrough -Wno-comment -fdiagnostics-color -ffunction-sections -fdata-sections -o CMakeFiles/cmTC_7087b.dir/CheckSymbolExists.c.o   -c CheckSymbolExists.c
CheckSymbolExists.c:2:10: fatal error: os/signpost.h: No such file or directory
 #include <os/signpost.h>
          ^~~~~~~~~~~~~~~
compilation terminated.
ninja: build stopped: subcommand failed.

File /home/linuxbrew/build/llvm_tools/build-llvm/llvm/CMakeFiles/CMakeTmp/CheckSymbolExists.c:
/* */
#include <os/signpost.h>

int main(int argc, char** argv)
{
  (void)argv;
#ifndef os_signpost_interval_begin
  return ((int*)(&os_signpost_interval_begin))[argc];
#else
  (void)argc;
  return 0;
#endif
}

Determining if the function __aeabi_uldivmod exists in the gcc failed with the following output:
Change Dir: /home/linuxbrew/build/llvm_tools/build-llvm/llvm/CMakeFiles/CMakeTmp

Run Build Command:"/usr/bin/ninja" "cmTC_ac0de"
[1/2] Building C object CMakeFiles/cmTC_ac0de.dir/CheckFunctionExists.c.o
[2/2] Linking C executable cmTC_ac0de
FAILED: cmTC_ac0de 
: && /usr/bin/gcc -fPIC -Werror=date-time -Wall -Wextra -Wno-unused-parameter -Wwrite-strings -Wno-missing-field-initializers -pedantic -Wno-long-long -Wimplicit-fallthrough -Wno-comment -fdiagnostics-color -ffunction-sections -fdata-sections -DCHECK_FUNCTION_EXISTS=__aeabi_uldivmod  -Wl,-allow-shlib-undefined CMakeFiles/cmTC_ac0de.dir/CheckFunctionExists.c.o  -o cmTC_ac0de  -lgcc -lm && :
CMakeFiles/cmTC_ac0de.dir/CheckFunctionExists.c.o: In function `main':
CheckFunctionExists.c:(.text.main+0x10): undefined reference to `__aeabi_uldivmod'
collect2: error: ld returned 1 exit status
ninja: build stopped: subcommand failed.


Determining if the function write exists in the System failed with the following output:
Change Dir: /home/linuxbrew/build/llvm_tools/build-llvm/llvm/CMakeFiles/CMakeTmp

Run Build Command:"/usr/bin/ninja" "cmTC_32608"
[1/2] Building C object CMakeFiles/cmTC_32608.dir/CheckFunctionExists.c.o
[2/2] Linking C executable cmTC_32608
FAILED: cmTC_32608 
: && /usr/bin/gcc -fPIC -Werror=date-time -Wall -Wextra -Wno-unused-parameter -Wwrite-strings -Wno-missing-field-initializers -pedantic -Wno-long-long -Wimplicit-fallthrough -Wno-comment -fdiagnostics-color -ffunction-sections -fdata-sections -DCHECK_FUNCTION_EXISTS=write  -nodefaultlibs  -Wl,-allow-shlib-undefined CMakeFiles/cmTC_32608.dir/CheckFunctionExists.c.o  -o cmTC_32608  -lSystem -lm -lc -lgcc_s && :
/usr/bin/ld: cannot find -lSystem
collect2: error: ld returned 1 exit status
ninja: build stopped: subcommand failed.


Performing C++ SOURCE FILE Test LIBCXXABI_SUPPORTS_WMISMATCHED_TAGS_FLAG failed with the following output:
Change Dir: /home/linuxbrew/build/llvm_tools/build-llvm/llvm/CMakeFiles/CMakeTmp

Run Build Command:"/usr/bin/ninja" "cmTC_a186e"
[1/2] Building CXX object CMakeFiles/cmTC_a186e.dir/src.cxx.o
FAILED: CMakeFiles/cmTC_a186e.dir/src.cxx.o 
/usr/bin/g++    -fPIC -fvisibility-inlines-hidden -Werror=date-time -Wall -Wextra -Wno-unused-parameter -Wwrite-strings -Wcast-qual -Wno-missing-field-initializers -pedantic -Wno-long-long -Wimplicit-fallthrough -Wno-maybe-uninitialized -Wno-noexcept-type -Wdelete-non-virtual-dtor -Wno-comment -fdiagnostics-color -ffunction-sections -fdata-sections -DLIBCXXABI_SUPPORTS_WMISMATCHED_TAGS_FLAG  -nodefaultlibs   -Wmismatched-tags -o CMakeFiles/cmTC_a186e.dir/src.cxx.o -c src.cxx
g++: error: unrecognized command line option '-Wmismatched-tags'
ninja: build stopped: subcommand failed.

Source file was:
int main() { return 0; }
Performing C++ SOURCE FILE Test LIBCXXABI_SUPPORTS_WNEWLINE_EOF_FLAG failed with the following output:
Change Dir: /home/linuxbrew/build/llvm_tools/build-llvm/llvm/CMakeFiles/CMakeTmp

Run Build Command:"/usr/bin/ninja" "cmTC_c6c02"
[1/2] Building CXX object CMakeFiles/cmTC_c6c02.dir/src.cxx.o
FAILED: CMakeFiles/cmTC_c6c02.dir/src.cxx.o 
/usr/bin/g++    -fPIC -fvisibility-inlines-hidden -Werror=date-time -Wall -Wextra -Wno-unused-parameter -Wwrite-strings -Wcast-qual -Wno-missing-field-initializers -pedantic -Wno-long-long -Wimplicit-fallthrough -Wno-maybe-uninitialized -Wno-noexcept-type -Wdelete-non-virtual-dtor -Wno-comment -fdiagnostics-color -ffunction-sections -fdata-sections -DLIBCXXABI_SUPPORTS_WNEWLINE_EOF_FLAG  -nodefaultlibs   -Wnewline-eof -o CMakeFiles/cmTC_c6c02.dir/src.cxx.o -c src.cxx
g++: error: unrecognized command line option '-Wnewline-eof'
ninja: build stopped: subcommand failed.

Source file was:
int main() { return 0; }
Performing C++ SOURCE FILE Test LIBCXXABI_SUPPORTS_WSHORTEN_64_TO_32_FLAG failed with the following output:
Change Dir: /home/linuxbrew/build/llvm_tools/build-llvm/llvm/CMakeFiles/CMakeTmp

Run Build Command:"/usr/bin/ninja" "cmTC_ceb26"
[1/2] Building CXX object CMakeFiles/cmTC_ceb26.dir/src.cxx.o
FAILED: CMakeFiles/cmTC_ceb26.dir/src.cxx.o 
/usr/bin/g++    -fPIC -fvisibility-inlines-hidden -Werror=date-time -Wall -Wextra -Wno-unused-parameter -Wwrite-strings -Wcast-qual -Wno-missing-field-initializers -pedantic -Wno-long-long -Wimplicit-fallthrough -Wno-maybe-uninitialized -Wno-noexcept-type -Wdelete-non-virtual-dtor -Wno-comment -fdiagnostics-color -ffunction-sections -fdata-sections -DLIBCXXABI_SUPPORTS_WSHORTEN_64_TO_32_FLAG  -nodefaultlibs   -Wshorten-64-to-32 -o CMakeFiles/cmTC_ceb26.dir/src.cxx.o -c src.cxx
g++: error: unrecognized command line option '-Wshorten-64-to-32'
ninja: build stopped: subcommand failed.

Source file was:
int main() { return 0; }
Performing C++ SOURCE FILE Test LIBCXXABI_SUPPORTS_WX_FLAG failed with the following output:
Change Dir: /home/linuxbrew/build/llvm_tools/build-llvm/llvm/CMakeFiles/CMakeTmp

Run Build Command:"/usr/bin/ninja" "cmTC_731af"
[1/2] Building CXX object CMakeFiles/cmTC_731af.dir/src.cxx.o
FAILED: CMakeFiles/cmTC_731af.dir/src.cxx.o 
/usr/bin/g++    -fPIC -fvisibility-inlines-hidden -Werror=date-time -Wall -Wextra -Wno-unused-parameter -Wwrite-strings -Wcast-qual -Wno-missing-field-initializers -pedantic -Wno-long-long -Wimplicit-fallthrough -Wno-maybe-uninitialized -Wno-noexcept-type -Wdelete-non-virtual-dtor -Wno-comment -fdiagnostics-color -ffunction-sections -fdata-sections -DLIBCXXABI_SUPPORTS_WX_FLAG  -nodefaultlibs   -WX- -o CMakeFiles/cmTC_731af.dir/src.cxx.o -c src.cxx
g++: error: unrecognized command line option '-WX-'
ninja: build stopped: subcommand failed.

Source file was:
int main() { return 0; }
Performing C++ SOURCE FILE Test LIBCXXABI_SUPPORTS_EHSC_FLAG failed with the following output:
Change Dir: /home/linuxbrew/build/llvm_tools/build-llvm/llvm/CMakeFiles/CMakeTmp

Run Build Command:"/usr/bin/ninja" "cmTC_786f0"
[1/2] Building CXX object CMakeFiles/cmTC_786f0.dir/src.cxx.o
FAILED: CMakeFiles/cmTC_786f0.dir/src.cxx.o 
/usr/bin/g++    -fPIC -fvisibility-inlines-hidden -Werror=date-time -Wall -Wextra -Wno-unused-parameter -Wwrite-strings -Wcast-qual -Wno-missing-field-initializers -pedantic -Wno-long-long -Wimplicit-fallthrough -Wno-maybe-uninitialized -Wno-noexcept-type -Wdelete-non-virtual-dtor -Wno-comment -fdiagnostics-color -ffunction-sections -fdata-sections -DLIBCXXABI_SUPPORTS_EHSC_FLAG  -nodefaultlibs   -EHsc -o CMakeFiles/cmTC_786f0.dir/src.cxx.o -c src.cxx
g++: error: unrecognized command line option '-EHsc'
ninja: build stopped: subcommand failed.

Source file was:
int main() { return 0; }
Performing C++ SOURCE FILE Test LIBCXX_SUPPORTS_WEXTRA_SEMI_FLAG failed with the following output:
Change Dir: /home/linuxbrew/build/llvm_tools/build-llvm/llvm/CMakeFiles/CMakeTmp

Run Build Command:"/usr/bin/ninja" "cmTC_e1eb9"
[1/2] Building CXX object CMakeFiles/cmTC_e1eb9.dir/src.cxx.o
FAILED: CMakeFiles/cmTC_e1eb9.dir/src.cxx.o 
/usr/bin/g++    -fPIC -fvisibility-inlines-hidden -Werror=date-time -Wall -Wextra -Wno-unused-parameter -Wwrite-strings -Wcast-qual -Wno-missing-field-initializers  -Wno-long-long -Wimplicit-fallthrough -Wno-maybe-uninitialized -Wno-noexcept-type -Wdelete-non-virtual-dtor -Wno-comment -fdiagnostics-color -ffunction-sections -fdata-sections -DLIBCXX_SUPPORTS_WEXTRA_SEMI_FLAG  -nodefaultlibs   -Wextra-semi -o CMakeFiles/cmTC_e1eb9.dir/src.cxx.o -c src.cxx
g++: error: unrecognized command line option '-Wextra-semi'; did you mean '-Wextra'?
ninja: build stopped: subcommand failed.

Source file was:
int main() { return 0; }
Performing C++ SOURCE FILE Test LIBCXX_SUPPORTS_EHSC_FLAG failed with the following output:
Change Dir: /home/linuxbrew/build/llvm_tools/build-llvm/llvm/CMakeFiles/CMakeTmp

Run Build Command:"/usr/bin/ninja" "cmTC_3e96a"
[1/2] Building CXX object CMakeFiles/cmTC_3e96a.dir/src.cxx.o
FAILED: CMakeFiles/cmTC_3e96a.dir/src.cxx.o 
/usr/bin/g++    -fPIC -fvisibility-inlines-hidden -Werror=date-time -Wall -Wextra -Wno-unused-parameter -Wwrite-strings -Wcast-qual -Wno-missing-field-initializers  -Wno-long-long -Wimplicit-fallthrough -Wno-maybe-uninitialized -Wno-noexcept-type -Wdelete-non-virtual-dtor -Wno-comment -fdiagnostics-color -ffunction-sections -fdata-sections -DLIBCXX_SUPPORTS_EHSC_FLAG  -nodefaultlibs   -EHsc -o CMakeFiles/cmTC_3e96a.dir/src.cxx.o -c src.cxx
g++: error: unrecognized command line option '-EHsc'
ninja: build stopped: subcommand failed.

Source file was:
int main() { return 0; }
Performing C++ SOURCE FILE Test LIBCXX_SUPPORTS_ZL_FLAG failed with the following output:
Change Dir: /home/linuxbrew/build/llvm_tools/build-llvm/llvm/CMakeFiles/CMakeTmp

Run Build Command:"/usr/bin/ninja" "cmTC_90a18"
[1/2] Building CXX object CMakeFiles/cmTC_90a18.dir/src.cxx.o
FAILED: CMakeFiles/cmTC_90a18.dir/src.cxx.o 
/usr/bin/g++    -fPIC -fvisibility-inlines-hidden -Werror=date-time -Wall -Wextra -Wno-unused-parameter -Wwrite-strings -Wcast-qual -Wno-missing-field-initializers  -Wno-long-long -Wimplicit-fallthrough -Wno-maybe-uninitialized -Wno-noexcept-type -Wdelete-non-virtual-dtor -Wno-comment -fdiagnostics-color -ffunction-sections -fdata-sections -DLIBCXX_SUPPORTS_ZL_FLAG  -nodefaultlibs   /Zl -o CMakeFiles/cmTC_90a18.dir/src.cxx.o -c src.cxx
g++: error: /Zl: No such file or directory
ninja: build stopped: subcommand failed.

Source file was:
int main() { return 0; }
Performing C++ SOURCE FILE Test LIBCXX_SUPPORTS_NODEFAULTLIB_FLAG failed with the following output:
Change Dir: /home/linuxbrew/build/llvm_tools/build-llvm/llvm/CMakeFiles/CMakeTmp

Run Build Command:"/usr/bin/ninja" "cmTC_a78ba"
[1/2] Building CXX object CMakeFiles/cmTC_a78ba.dir/src.cxx.o
FAILED: CMakeFiles/cmTC_a78ba.dir/src.cxx.o 
/usr/bin/g++    -fPIC -fvisibility-inlines-hidden -Werror=date-time -Wall -Wextra -Wno-unused-parameter -Wwrite-strings -Wcast-qual -Wno-missing-field-initializers  -Wno-long-long -Wimplicit-fallthrough -Wno-maybe-uninitialized -Wno-noexcept-type -Wdelete-non-virtual-dtor -Wno-comment -fdiagnostics-color -ffunction-sections -fdata-sections -DLIBCXX_SUPPORTS_NODEFAULTLIB_FLAG  -nodefaultlibs   /nodefaultlib -o CMakeFiles/cmTC_a78ba.dir/src.cxx.o -c src.cxx
g++: error: /nodefaultlib: No such file or directory
ninja: build stopped: subcommand failed.

Source file was:
int main() { return 0; }
Performing C++ SOURCE FILE Test COMPILER_RT_HAS_FNO_SANITIZE_SAFE_STACK_FLAG failed with the following output:
Change Dir: /home/linuxbrew/build/llvm_tools/build-llvm/llvm/CMakeFiles/CMakeTmp

Run Build Command:"/usr/bin/ninja" "cmTC_5217a"
[1/2] Building CXX object CMakeFiles/cmTC_5217a.dir/src.cxx.o
FAILED: CMakeFiles/cmTC_5217a.dir/src.cxx.o 
/usr/bin/g++    -fPIC -fvisibility-inlines-hidden -Werror=date-time -Wall -Wextra -Wno-unused-parameter -Wwrite-strings -Wcast-qual -Wno-missing-field-initializers -pedantic -Wno-long-long -Wimplicit-fallthrough -Wno-maybe-uninitialized -Wno-noexcept-type -Wdelete-non-virtual-dtor -Wno-comment -fdiagnostics-color -ffunction-sections -fdata-sections -DCOMPILER_RT_HAS_FNO_SANITIZE_SAFE_STACK_FLAG  -nodefaultlibs   -fno-sanitize=safe-stack -o CMakeFiles/cmTC_5217a.dir/src.cxx.o -c src.cxx
g++: error: unrecognized argument to -fno-sanitize= option: 'safe-stack'
ninja: build stopped: subcommand failed.

Source file was:
int main() { return 0; }
Performing C++ SOURCE FILE Test COMPILER_RT_HAS_FNO_PROFILE_INSTR_GENERATE_FLAG failed with the following output:
Change Dir: /home/linuxbrew/build/llvm_tools/build-llvm/llvm/CMakeFiles/CMakeTmp

Run Build Command:"/usr/bin/ninja" "cmTC_66295"
[1/2] Building CXX object CMakeFiles/cmTC_66295.dir/src.cxx.o
FAILED: CMakeFiles/cmTC_66295.dir/src.cxx.o 
/usr/bin/g++    -fPIC -fvisibility-inlines-hidden -Werror=date-time -Wall -Wextra -Wno-unused-parameter -Wwrite-strings -Wcast-qual -Wno-missing-field-initializers -pedantic -Wno-long-long -Wimplicit-fallthrough -Wno-maybe-uninitialized -Wno-noexcept-type -Wdelete-non-virtual-dtor -Wno-comment -fdiagnostics-color -ffunction-sections -fdata-sections -DCOMPILER_RT_HAS_FNO_PROFILE_INSTR_GENERATE_FLAG  -nodefaultlibs   -fno-profile-instr-generate -o CMakeFiles/cmTC_66295.dir/src.cxx.o -c src.cxx
g++: error: unrecognized command line option '-fno-profile-instr-generate'; did you mean '-fno-profile-generate'?
ninja: build stopped: subcommand failed.

Source file was:
int main() { return 0; }
Performing C++ SOURCE FILE Test COMPILER_RT_HAS_FNO_PROFILE_INSTR_USE_FLAG failed with the following output:
Change Dir: /home/linuxbrew/build/llvm_tools/build-llvm/llvm/CMakeFiles/CMakeTmp

Run Build Command:"/usr/bin/ninja" "cmTC_60aac"
[1/2] Building CXX object CMakeFiles/cmTC_60aac.dir/src.cxx.o
FAILED: CMakeFiles/cmTC_60aac.dir/src.cxx.o 
/usr/bin/g++    -fPIC -fvisibility-inlines-hidden -Werror=date-time -Wall -Wextra -Wno-unused-parameter -Wwrite-strings -Wcast-qual -Wno-missing-field-initializers -pedantic -Wno-long-long -Wimplicit-fallthrough -Wno-maybe-uninitialized -Wno-noexcept-type -Wdelete-non-virtual-dtor -Wno-comment -fdiagnostics-color -ffunction-sections -fdata-sections -DCOMPILER_RT_HAS_FNO_PROFILE_INSTR_USE_FLAG  -nodefaultlibs   -fno-profile-instr-use -o CMakeFiles/cmTC_60aac.dir/src.cxx.o -c src.cxx
g++: error: unrecognized command line option '-fno-profile-instr-use'; did you mean '-fno-profile-use'?
ninja: build stopped: subcommand failed.

Source file was:
int main() { return 0; }
Performing C++ SOURCE FILE Test COMPILER_RT_HAS_MCRC_FLAG failed with the following output:
Change Dir: /home/linuxbrew/build/llvm_tools/build-llvm/llvm/CMakeFiles/CMakeTmp

Run Build Command:"/usr/bin/ninja" "cmTC_e9e14"
[1/2] Building CXX object CMakeFiles/cmTC_e9e14.dir/src.cxx.o
FAILED: CMakeFiles/cmTC_e9e14.dir/src.cxx.o 
/usr/bin/g++    -fPIC -fvisibility-inlines-hidden -Werror=date-time -Wall -Wextra -Wno-unused-parameter -Wwrite-strings -Wcast-qual -Wno-missing-field-initializers -pedantic -Wno-long-long -Wimplicit-fallthrough -Wno-maybe-uninitialized -Wno-noexcept-type -Wdelete-non-virtual-dtor -Wno-comment -fdiagnostics-color -ffunction-sections -fdata-sections -DCOMPILER_RT_HAS_MCRC_FLAG  -nodefaultlibs   -Werror -mcrc -o CMakeFiles/cmTC_e9e14.dir/src.cxx.o -c src.cxx
g++: error: unrecognized command line option '-mcrc'; did you mean '-mcld'?
ninja: build stopped: subcommand failed.

Source file was:
int main() { return 0; }
Performing C++ SOURCE FILE Test COMPILER_RT_HAS_GR_FLAG failed with the following output:
Change Dir: /home/linuxbrew/build/llvm_tools/build-llvm/llvm/CMakeFiles/CMakeTmp

Run Build Command:"/usr/bin/ninja" "cmTC_301c7"
[1/2] Building CXX object CMakeFiles/cmTC_301c7.dir/src.cxx.o
FAILED: CMakeFiles/cmTC_301c7.dir/src.cxx.o 
/usr/bin/g++    -fPIC -fvisibility-inlines-hidden -Werror=date-time -Wall -Wextra -Wno-unused-parameter -Wwrite-strings -Wcast-qual -Wno-missing-field-initializers -pedantic -Wno-long-long -Wimplicit-fallthrough -Wno-maybe-uninitialized -Wno-noexcept-type -Wdelete-non-virtual-dtor -Wno-comment -fdiagnostics-color -ffunction-sections -fdata-sections -DCOMPILER_RT_HAS_GR_FLAG  -nodefaultlibs   /GR -o CMakeFiles/cmTC_301c7.dir/src.cxx.o -c src.cxx
g++: error: /GR: No such file or directory
ninja: build stopped: subcommand failed.

Source file was:
int main() { return 0; }
Performing C++ SOURCE FILE Test COMPILER_RT_HAS_GS_FLAG failed with the following output:
Change Dir: /home/linuxbrew/build/llvm_tools/build-llvm/llvm/CMakeFiles/CMakeTmp

Run Build Command:"/usr/bin/ninja" "cmTC_c684b"
[1/2] Building CXX object CMakeFiles/cmTC_c684b.dir/src.cxx.o
FAILED: CMakeFiles/cmTC_c684b.dir/src.cxx.o 
/usr/bin/g++    -fPIC -fvisibility-inlines-hidden -Werror=date-time -Wall -Wextra -Wno-unused-parameter -Wwrite-strings -Wcast-qual -Wno-missing-field-initializers -pedantic -Wno-long-long -Wimplicit-fallthrough -Wno-maybe-uninitialized -Wno-noexcept-type -Wdelete-non-virtual-dtor -Wno-comment -fdiagnostics-color -ffunction-sections -fdata-sections -DCOMPILER_RT_HAS_GS_FLAG  -nodefaultlibs   /GS -o CMakeFiles/cmTC_c684b.dir/src.cxx.o -c src.cxx
g++: error: /GS: No such file or directory
ninja: build stopped: subcommand failed.

Source file was:
int main() { return 0; }
Performing C++ SOURCE FILE Test COMPILER_RT_HAS_MT_FLAG failed with the following output:
Change Dir: /home/linuxbrew/build/llvm_tools/build-llvm/llvm/CMakeFiles/CMakeTmp

Run Build Command:"/usr/bin/ninja" "cmTC_169bb"
[1/2] Building CXX object CMakeFiles/cmTC_169bb.dir/src.cxx.o
FAILED: CMakeFiles/cmTC_169bb.dir/src.cxx.o 
/usr/bin/g++    -fPIC -fvisibility-inlines-hidden -Werror=date-time -Wall -Wextra -Wno-unused-parameter -Wwrite-strings -Wcast-qual -Wno-missing-field-initializers -pedantic -Wno-long-long -Wimplicit-fallthrough -Wno-maybe-uninitialized -Wno-noexcept-type -Wdelete-non-virtual-dtor -Wno-comment -fdiagnostics-color -ffunction-sections -fdata-sections -DCOMPILER_RT_HAS_MT_FLAG  -nodefaultlibs   /MT -o CMakeFiles/cmTC_169bb.dir/src.cxx.o -c src.cxx
g++: error: /MT: No such file or directory
ninja: build stopped: subcommand failed.

Source file was:
int main() { return 0; }
Performing C++ SOURCE FILE Test COMPILER_RT_HAS_Oy_FLAG failed with the following output:
Change Dir: /home/linuxbrew/build/llvm_tools/build-llvm/llvm/CMakeFiles/CMakeTmp

Run Build Command:"/usr/bin/ninja" "cmTC_e0457"
[1/2] Building CXX object CMakeFiles/cmTC_e0457.dir/src.cxx.o
FAILED: CMakeFiles/cmTC_e0457.dir/src.cxx.o 
/usr/bin/g++    -fPIC -fvisibility-inlines-hidden -Werror=date-time -Wall -Wextra -Wno-unused-parameter -Wwrite-strings -Wcast-qual -Wno-missing-field-initializers -pedantic -Wno-long-long -Wimplicit-fallthrough -Wno-maybe-uninitialized -Wno-noexcept-type -Wdelete-non-virtual-dtor -Wno-comment -fdiagnostics-color -ffunction-sections -fdata-sections -DCOMPILER_RT_HAS_Oy_FLAG  -nodefaultlibs   /Oy -o CMakeFiles/cmTC_e0457.dir/src.cxx.o -c src.cxx
g++: error: /Oy: No such file or directory
ninja: build stopped: subcommand failed.

Source file was:
int main() { return 0; }
Performing C++ SOURCE FILE Test COMPILER_RT_HAS_GLINE_TABLES_ONLY_FLAG failed with the following output:
Change Dir: /home/linuxbrew/build/llvm_tools/build-llvm/llvm/CMakeFiles/CMakeTmp

Run Build Command:"/usr/bin/ninja" "cmTC_695a6"
[1/2] Building CXX object CMakeFiles/cmTC_695a6.dir/src.cxx.o
FAILED: CMakeFiles/cmTC_695a6.dir/src.cxx.o 
/usr/bin/g++    -fPIC -fvisibility-inlines-hidden -Werror=date-time -Wall -Wextra -Wno-unused-parameter -Wwrite-strings -Wcast-qual -Wno-missing-field-initializers -pedantic -Wno-long-long -Wimplicit-fallthrough -Wno-maybe-uninitialized -Wno-noexcept-type -Wdelete-non-virtual-dtor -Wno-comment -fdiagnostics-color -ffunction-sections -fdata-sections -DCOMPILER_RT_HAS_GLINE_TABLES_ONLY_FLAG  -nodefaultlibs   -gline-tables-only -o CMakeFiles/cmTC_695a6.dir/src.cxx.o -c src.cxx
g++: error: unrecognized debug output level 'line-tables-only'
ninja: build stopped: subcommand failed.

Source file was:
int main() { return 0; }
Performing C++ SOURCE FILE Test COMPILER_RT_HAS_Zi_FLAG failed with the following output:
Change Dir: /home/linuxbrew/build/llvm_tools/build-llvm/llvm/CMakeFiles/CMakeTmp

Run Build Command:"/usr/bin/ninja" "cmTC_f3192"
[1/2] Building CXX object CMakeFiles/cmTC_f3192.dir/src.cxx.o
FAILED: CMakeFiles/cmTC_f3192.dir/src.cxx.o 
/usr/bin/g++    -fPIC -fvisibility-inlines-hidden -Werror=date-time -Wall -Wextra -Wno-unused-parameter -Wwrite-strings -Wcast-qual -Wno-missing-field-initializers -pedantic -Wno-long-long -Wimplicit-fallthrough -Wno-maybe-uninitialized -Wno-noexcept-type -Wdelete-non-virtual-dtor -Wno-comment -fdiagnostics-color -ffunction-sections -fdata-sections -DCOMPILER_RT_HAS_Zi_FLAG  -nodefaultlibs   /Zi -o CMakeFiles/cmTC_f3192.dir/src.cxx.o -c src.cxx
g++: error: /Zi: No such file or directory
ninja: build stopped: subcommand failed.

Source file was:
int main() { return 0; }
Performing C++ SOURCE FILE Test COMPILER_RT_HAS_WGLOBAL_CONSTRUCTORS_FLAG failed with the following output:
Change Dir: /home/linuxbrew/build/llvm_tools/build-llvm/llvm/CMakeFiles/CMakeTmp

Run Build Command:"/usr/bin/ninja" "cmTC_47a81"
[1/2] Building CXX object CMakeFiles/cmTC_47a81.dir/src.cxx.o
FAILED: CMakeFiles/cmTC_47a81.dir/src.cxx.o 
/usr/bin/g++    -fPIC -fvisibility-inlines-hidden -Werror=date-time -Wall -Wextra -Wno-unused-parameter -Wwrite-strings -Wcast-qual -Wno-missing-field-initializers -pedantic -Wno-long-long -Wimplicit-fallthrough -Wno-maybe-uninitialized -Wno-noexcept-type -Wdelete-non-virtual-dtor -Wno-comment -fdiagnostics-color -ffunction-sections -fdata-sections -DCOMPILER_RT_HAS_WGLOBAL_CONSTRUCTORS_FLAG  -nodefaultlibs   -Werror -Wglobal-constructors -o CMakeFiles/cmTC_47a81.dir/src.cxx.o -c src.cxx
g++: error: unrecognized command line option '-Wglobal-constructors'; did you mean '-felide-constructors'?
ninja: build stopped: subcommand failed.

Source file was:
int main() { return 0; }
Performing C++ SOURCE FILE Test COMPILER_RT_HAS_WC99_EXTENSIONS_FLAG failed with the following output:
Change Dir: /home/linuxbrew/build/llvm_tools/build-llvm/llvm/CMakeFiles/CMakeTmp

Run Build Command:"/usr/bin/ninja" "cmTC_8a550"
[1/2] Building CXX object CMakeFiles/cmTC_8a550.dir/src.cxx.o
FAILED: CMakeFiles/cmTC_8a550.dir/src.cxx.o 
/usr/bin/g++    -fPIC -fvisibility-inlines-hidden -Werror=date-time -Wall -Wextra -Wno-unused-parameter -Wwrite-strings -Wcast-qual -Wno-missing-field-initializers -pedantic -Wno-long-long -Wimplicit-fallthrough -Wno-maybe-uninitialized -Wno-noexcept-type -Wdelete-non-virtual-dtor -Wno-comment -fdiagnostics-color -ffunction-sections -fdata-sections -DCOMPILER_RT_HAS_WC99_EXTENSIONS_FLAG  -nodefaultlibs   -Werror -Wc99-extensions -o CMakeFiles/cmTC_8a550.dir/src.cxx.o -c src.cxx
g++: error: unrecognized command line option '-Wc99-extensions'; did you mean '-fms-extensions'?
ninja: build stopped: subcommand failed.

Source file was:
int main() { return 0; }
Performing C++ SOURCE FILE Test COMPILER_RT_HAS_WGNU_FLAG failed with the following output:
Change Dir: /home/linuxbrew/build/llvm_tools/build-llvm/llvm/CMakeFiles/CMakeTmp

Run Build Command:"/usr/bin/ninja" "cmTC_bd306"
[1/2] Building CXX object CMakeFiles/cmTC_bd306.dir/src.cxx.o
FAILED: CMakeFiles/cmTC_bd306.dir/src.cxx.o 
/usr/bin/g++    -fPIC -fvisibility-inlines-hidden -Werror=date-time -Wall -Wextra -Wno-unused-parameter -Wwrite-strings -Wcast-qual -Wno-missing-field-initializers -pedantic -Wno-long-long -Wimplicit-fallthrough -Wno-maybe-uninitialized -Wno-noexcept-type -Wdelete-non-virtual-dtor -Wno-comment -fdiagnostics-color -ffunction-sections -fdata-sections -DCOMPILER_RT_HAS_WGNU_FLAG  -nodefaultlibs   -Werror -Wgnu -o CMakeFiles/cmTC_bd306.dir/src.cxx.o -c src.cxx
g++: error: unrecognized command line option '-Wgnu'
ninja: build stopped: subcommand failed.

Source file was:
int main() { return 0; }
Performing C++ SOURCE FILE Test COMPILER_RT_HAS_WCOVERED_SWITCH_DEFAULT_FLAG failed with the following output:
Change Dir: /home/linuxbrew/build/llvm_tools/build-llvm/llvm/CMakeFiles/CMakeTmp

Run Build Command:"/usr/bin/ninja" "cmTC_89c85"
[1/2] Building CXX object CMakeFiles/cmTC_89c85.dir/src.cxx.o
FAILED: CMakeFiles/cmTC_89c85.dir/src.cxx.o 
/usr/bin/g++    -fPIC -fvisibility-inlines-hidden -Werror=date-time -Wall -Wextra -Wno-unused-parameter -Wwrite-strings -Wcast-qual -Wno-missing-field-initializers -pedantic -Wno-long-long -Wimplicit-fallthrough -Wno-maybe-uninitialized -Wno-noexcept-type -Wdelete-non-virtual-dtor -Wno-comment -fdiagnostics-color -ffunction-sections -fdata-sections -DCOMPILER_RT_HAS_WCOVERED_SWITCH_DEFAULT_FLAG  -nodefaultlibs   -Werror -Wcovered-switch-default -o CMakeFiles/cmTC_89c85.dir/src.cxx.o -c src.cxx
g++: error: unrecognized command line option '-Wcovered-switch-default'; did you mean '-Wno-switch-default'?
ninja: build stopped: subcommand failed.

Source file was:
int main() { return 0; }
Performing C++ SOURCE FILE Test COMPILER_RT_HAS_W4_FLAG failed with the following output:
Change Dir: /home/linuxbrew/build/llvm_tools/build-llvm/llvm/CMakeFiles/CMakeTmp

Run Build Command:"/usr/bin/ninja" "cmTC_c88ff"
[1/2] Building CXX object CMakeFiles/cmTC_c88ff.dir/src.cxx.o
FAILED: CMakeFiles/cmTC_c88ff.dir/src.cxx.o 
/usr/bin/g++    -fPIC -fvisibility-inlines-hidden -Werror=date-time -Wall -Wextra -Wno-unused-parameter -Wwrite-strings -Wcast-qual -Wno-missing-field-initializers -pedantic -Wno-long-long -Wimplicit-fallthrough -Wno-maybe-uninitialized -Wno-noexcept-type -Wdelete-non-virtual-dtor -Wno-comment -fdiagnostics-color -ffunction-sections -fdata-sections -DCOMPILER_RT_HAS_W4_FLAG  -nodefaultlibs   /W4 -o CMakeFiles/cmTC_c88ff.dir/src.cxx.o -c src.cxx
g++: error: /W4: No such file or directory
ninja: build stopped: subcommand failed.

Source file was:
int main() { return 0; }
Performing C++ SOURCE FILE Test COMPILER_RT_HAS_WX_FLAG failed with the following output:
Change Dir: /home/linuxbrew/build/llvm_tools/build-llvm/llvm/CMakeFiles/CMakeTmp

Run Build Command:"/usr/bin/ninja" "cmTC_6eb68"
[1/2] Building CXX object CMakeFiles/cmTC_6eb68.dir/src.cxx.o
FAILED: CMakeFiles/cmTC_6eb68.dir/src.cxx.o 
/usr/bin/g++    -fPIC -fvisibility-inlines-hidden -Werror=date-time -Wall -Wextra -Wno-unused-parameter -Wwrite-strings -Wcast-qual -Wno-missing-field-initializers -pedantic -Wno-long-long -Wimplicit-fallthrough -Wno-maybe-uninitialized -Wno-noexcept-type -Wdelete-non-virtual-dtor -Wno-comment -fdiagnostics-color -ffunction-sections -fdata-sections -DCOMPILER_RT_HAS_WX_FLAG  -nodefaultlibs   /WX -o CMakeFiles/cmTC_6eb68.dir/src.cxx.o -c src.cxx
g++: error: /WX: No such file or directory
ninja: build stopped: subcommand failed.

Source file was:
int main() { return 0; }
Performing C++ SOURCE FILE Test COMPILER_RT_HAS_WD4146_FLAG failed with the following output:
Change Dir: /home/linuxbrew/build/llvm_tools/build-llvm/llvm/CMakeFiles/CMakeTmp

Run Build Command:"/usr/bin/ninja" "cmTC_c498d"
[1/2] Building CXX object CMakeFiles/cmTC_c498d.dir/src.cxx.o
FAILED: CMakeFiles/cmTC_c498d.dir/src.cxx.o 
/usr/bin/g++    -fPIC -fvisibility-inlines-hidden -Werror=date-time -Wall -Wextra -Wno-unused-parameter -Wwrite-strings -Wcast-qual -Wno-missing-field-initializers -pedantic -Wno-long-long -Wimplicit-fallthrough -Wno-maybe-uninitialized -Wno-noexcept-type -Wdelete-non-virtual-dtor -Wno-comment -fdiagnostics-color -ffunction-sections -fdata-sections -DCOMPILER_RT_HAS_WD4146_FLAG  -nodefaultlibs   /wd4146 -o CMakeFiles/cmTC_c498d.dir/src.cxx.o -c src.cxx
g++: error: /wd4146: No such file or directory
ninja: build stopped: subcommand failed.

Source file was:
int main() { return 0; }
Performing C++ SOURCE FILE Test COMPILER_RT_HAS_WD4291_FLAG failed with the following output:
Change Dir: /home/linuxbrew/build/llvm_tools/build-llvm/llvm/CMakeFiles/CMakeTmp

Run Build Command:"/usr/bin/ninja" "cmTC_08c96"
[1/2] Building CXX object CMakeFiles/cmTC_08c96.dir/src.cxx.o
FAILED: CMakeFiles/cmTC_08c96.dir/src.cxx.o 
/usr/bin/g++    -fPIC -fvisibility-inlines-hidden -Werror=date-time -Wall -Wextra -Wno-unused-parameter -Wwrite-strings -Wcast-qual -Wno-missing-field-initializers -pedantic -Wno-long-long -Wimplicit-fallthrough -Wno-maybe-uninitialized -Wno-noexcept-type -Wdelete-non-virtual-dtor -Wno-comment -fdiagnostics-color -ffunction-sections -fdata-sections -DCOMPILER_RT_HAS_WD4291_FLAG  -nodefaultlibs   /wd4291 -o CMakeFiles/cmTC_08c96.dir/src.cxx.o -c src.cxx
g++: error: /wd4291: No such file or directory
ninja: build stopped: subcommand failed.

Source file was:
int main() { return 0; }
Performing C++ SOURCE FILE Test COMPILER_RT_HAS_WD4221_FLAG failed with the following output:
Change Dir: /home/linuxbrew/build/llvm_tools/build-llvm/llvm/CMakeFiles/CMakeTmp

Run Build Command:"/usr/bin/ninja" "cmTC_e565e"
[1/2] Building CXX object CMakeFiles/cmTC_e565e.dir/src.cxx.o
FAILED: CMakeFiles/cmTC_e565e.dir/src.cxx.o 
/usr/bin/g++    -fPIC -fvisibility-inlines-hidden -Werror=date-time -Wall -Wextra -Wno-unused-parameter -Wwrite-strings -Wcast-qual -Wno-missing-field-initializers -pedantic -Wno-long-long -Wimplicit-fallthrough -Wno-maybe-uninitialized -Wno-noexcept-type -Wdelete-non-virtual-dtor -Wno-comment -fdiagnostics-color -ffunction-sections -fdata-sections -DCOMPILER_RT_HAS_WD4221_FLAG  -nodefaultlibs   /wd4221 -o CMakeFiles/cmTC_e565e.dir/src.cxx.o -c src.cxx
g++: error: /wd4221: No such file or directory
ninja: build stopped: subcommand failed.

Source file was:
int main() { return 0; }
Performing C++ SOURCE FILE Test COMPILER_RT_HAS_WD4391_FLAG failed with the following output:
Change Dir: /home/linuxbrew/build/llvm_tools/build-llvm/llvm/CMakeFiles/CMakeTmp

Run Build Command:"/usr/bin/ninja" "cmTC_a9d2d"
[1/2] Building CXX object CMakeFiles/cmTC_a9d2d.dir/src.cxx.o
FAILED: CMakeFiles/cmTC_a9d2d.dir/src.cxx.o 
/usr/bin/g++    -fPIC -fvisibility-inlines-hidden -Werror=date-time -Wall -Wextra -Wno-unused-parameter -Wwrite-strings -Wcast-qual -Wno-missing-field-initializers -pedantic -Wno-long-long -Wimplicit-fallthrough -Wno-maybe-uninitialized -Wno-noexcept-type -Wdelete-non-virtual-dtor -Wno-comment -fdiagnostics-color -ffunction-sections -fdata-sections -DCOMPILER_RT_HAS_WD4391_FLAG  -nodefaultlibs   /wd4391 -o CMakeFiles/cmTC_a9d2d.dir/src.cxx.o -c src.cxx
g++: error: /wd4391: No such file or directory
ninja: build stopped: subcommand failed.

Source file was:
int main() { return 0; }
Performing C++ SOURCE FILE Test COMPILER_RT_HAS_WD4722_FLAG failed with the following output:
Change Dir: /home/linuxbrew/build/llvm_tools/build-llvm/llvm/CMakeFiles/CMakeTmp

Run Build Command:"/usr/bin/ninja" "cmTC_baa6e"
[1/2] Building CXX object CMakeFiles/cmTC_baa6e.dir/src.cxx.o
FAILED: CMakeFiles/cmTC_baa6e.dir/src.cxx.o 
/usr/bin/g++    -fPIC -fvisibility-inlines-hidden -Werror=date-time -Wall -Wextra -Wno-unused-parameter -Wwrite-strings -Wcast-qual -Wno-missing-field-initializers -pedantic -Wno-long-long -Wimplicit-fallthrough -Wno-maybe-uninitialized -Wno-noexcept-type -Wdelete-non-virtual-dtor -Wno-comment -fdiagnostics-color -ffunction-sections -fdata-sections -DCOMPILER_RT_HAS_WD4722_FLAG  -nodefaultlibs   /wd4722 -o CMakeFiles/cmTC_baa6e.dir/src.cxx.o -c src.cxx
g++: error: /wd4722: No such file or directory
ninja: build stopped: subcommand failed.

Source file was:
int main() { return 0; }
Performing C++ SOURCE FILE Test COMPILER_RT_HAS_WD4800_FLAG failed with the following output:
Change Dir: /home/linuxbrew/build/llvm_tools/build-llvm/llvm/CMakeFiles/CMakeTmp

Run Build Command:"/usr/bin/ninja" "cmTC_5177e"
[1/2] Building CXX object CMakeFiles/cmTC_5177e.dir/src.cxx.o
FAILED: CMakeFiles/cmTC_5177e.dir/src.cxx.o 
/usr/bin/g++    -fPIC -fvisibility-inlines-hidden -Werror=date-time -Wall -Wextra -Wno-unused-parameter -Wwrite-strings -Wcast-qual -Wno-missing-field-initializers -pedantic -Wno-long-long -Wimplicit-fallthrough -Wno-maybe-uninitialized -Wno-noexcept-type -Wdelete-non-virtual-dtor -Wno-comment -fdiagnostics-color -ffunction-sections -fdata-sections -DCOMPILER_RT_HAS_WD4800_FLAG  -nodefaultlibs   /wd4800 -o CMakeFiles/cmTC_5177e.dir/src.cxx.o -c src.cxx
g++: error: /wd4800: No such file or directory
ninja: build stopped: subcommand failed.

Source file was:
int main() { return 0; }
Determining if files sys/auxv.h exist failed with the following output:
Change Dir: /home/linuxbrew/build/llvm_tools/build-llvm/llvm/CMakeFiles/CMakeTmp

Run Build Command:"/usr/bin/ninja" "cmTC_11ce4"
[1/2] Building C object CMakeFiles/cmTC_11ce4.dir/CheckIncludeFiles.c.o
[2/2] Linking C executable cmTC_11ce4
FAILED: cmTC_11ce4 
: && /usr/bin/gcc -fPIC -Werror=date-time -Wall -Wextra -Wno-unused-parameter -Wwrite-strings -Wno-missing-field-initializers -pedantic -Wno-long-long -Wimplicit-fallthrough -Wno-comment -fdiagnostics-color -ffunction-sections -fdata-sections  -nodefaultlibs  -Wl,-allow-shlib-undefined CMakeFiles/cmTC_11ce4.dir/CheckIncludeFiles.c.o  -o cmTC_11ce4   && :
/usr/lib/gcc/x86_64-linux-gnu/7/../../../x86_64-linux-gnu/Scrt1.o: In function `_start':
(.text+0x12): undefined reference to `__libc_csu_fini'
(.text+0x19): undefined reference to `__libc_csu_init'
(.text+0x26): undefined reference to `__libc_start_main'
collect2: error: ld returned 1 exit status
ninja: build stopped: subcommand failed.

Source:
/* */
#include <sys/auxv.h>


int main(void){return 0;}

Determining if the function backtrace exists in the execinfo failed with the following output:
Change Dir: /home/linuxbrew/build/llvm_tools/build-llvm/llvm/CMakeFiles/CMakeTmp

Run Build Command:"/usr/bin/ninja" "cmTC_07c1d"
[1/2] Building C object CMakeFiles/cmTC_07c1d.dir/CheckFunctionExists.c.o
[2/2] Linking C executable cmTC_07c1d
FAILED: cmTC_07c1d 
: && /usr/bin/gcc -fPIC -Werror=date-time -Wall -Wextra -Wno-unused-parameter -Wwrite-strings -Wno-missing-field-initializers -pedantic -Wno-long-long -Wimplicit-fallthrough -Wno-comment -fdiagnostics-color -ffunction-sections -fdata-sections -DCHECK_FUNCTION_EXISTS=backtrace  -nodefaultlibs  -Wl,-allow-shlib-undefined CMakeFiles/cmTC_07c1d.dir/CheckFunctionExists.c.o  -o cmTC_07c1d  -lexecinfo -lm -lc -lgcc_s && :
/usr/bin/ld: cannot find -lexecinfo
collect2: error: ld returned 1 exit status
ninja: build stopped: subcommand failed.


Determining if the function setupterm exists in the terminfo failed with the following output:
Change Dir: /home/linuxbrew/build/llvm_tools/build-llvm/llvm/CMakeFiles/CMakeTmp

Run Build Command:"/usr/bin/ninja" "cmTC_53e4f"
[1/2] Building C object CMakeFiles/cmTC_53e4f.dir/CheckFunctionExists.c.o
[2/2] Linking C executable cmTC_53e4f
FAILED: cmTC_53e4f 
: && /usr/bin/gcc -fPIC -Werror=date-time -Wall -Wextra -Wno-unused-parameter -Wwrite-strings -Wno-missing-field-initializers -pedantic -Wno-long-long -Wimplicit-fallthrough -Wno-comment -fdiagnostics-color -ffunction-sections -fdata-sections -DCHECK_FUNCTION_EXISTS=setupterm  -nodefaultlibs  -Wl,-allow-shlib-undefined CMakeFiles/cmTC_53e4f.dir/CheckFunctionExists.c.o  -o cmTC_53e4f  -lterminfo -lm -lc -lgcc_s && :
/usr/bin/ld: cannot find -lterminfo
collect2: error: ld returned 1 exit status
ninja: build stopped: subcommand failed.


Determining if the function setupterm exists in the tinfo failed with the following output:
Change Dir: /home/linuxbrew/build/llvm_tools/build-llvm/llvm/CMakeFiles/CMakeTmp

Run Build Command:"/usr/bin/ninja" "cmTC_892f0"
[1/2] Building C object CMakeFiles/cmTC_892f0.dir/CheckFunctionExists.c.o
[2/2] Linking C executable cmTC_892f0
FAILED: cmTC_892f0 
: && /usr/bin/gcc -fPIC -Werror=date-time -Wall -Wextra -Wno-unused-parameter -Wwrite-strings -Wno-missing-field-initializers -pedantic -Wno-long-long -Wimplicit-fallthrough -Wno-comment -fdiagnostics-color -ffunction-sections -fdata-sections -DCHECK_FUNCTION_EXISTS=setupterm  -nodefaultlibs  -Wl,-allow-shlib-undefined CMakeFiles/cmTC_892f0.dir/CheckFunctionExists.c.o  -o cmTC_892f0  -ltinfo -lm -lc -lgcc_s && :
/usr/bin/ld: cannot find -ltinfo
collect2: error: ld returned 1 exit status
ninja: build stopped: subcommand failed.


Determining if the function setupterm exists in the curses failed with the following output:
Change Dir: /home/linuxbrew/build/llvm_tools/build-llvm/llvm/CMakeFiles/CMakeTmp

Run Build Command:"/usr/bin/ninja" "cmTC_9e044"
[1/2] Building C object CMakeFiles/cmTC_9e044.dir/CheckFunctionExists.c.o
[2/2] Linking C executable cmTC_9e044
FAILED: cmTC_9e044 
: && /usr/bin/gcc -fPIC -Werror=date-time -Wall -Wextra -Wno-unused-parameter -Wwrite-strings -Wno-missing-field-initializers -pedantic -Wno-long-long -Wimplicit-fallthrough -Wno-comment -fdiagnostics-color -ffunction-sections -fdata-sections -DCHECK_FUNCTION_EXISTS=setupterm  -nodefaultlibs  -Wl,-allow-shlib-undefined CMakeFiles/cmTC_9e044.dir/CheckFunctionExists.c.o  -o cmTC_9e044  -lcurses -lm -lc -lgcc_s && :
/usr/bin/ld: cannot find -lcurses
collect2: error: ld returned 1 exit status
ninja: build stopped: subcommand failed.


Determining if the function setupterm exists in the ncurses failed with the following output:
Change Dir: /home/linuxbrew/build/llvm_tools/build-llvm/llvm/CMakeFiles/CMakeTmp

Run Build Command:"/usr/bin/ninja" "cmTC_65db2"
[1/2] Building C object CMakeFiles/cmTC_65db2.dir/CheckFunctionExists.c.o
[2/2] Linking C executable cmTC_65db2
FAILED: cmTC_65db2 
: && /usr/bin/gcc -fPIC -Werror=date-time -Wall -Wextra -Wno-unused-parameter -Wwrite-strings -Wno-missing-field-initializers -pedantic -Wno-long-long -Wimplicit-fallthrough -Wno-comment -fdiagnostics-color -ffunction-sections -fdata-sections -DCHECK_FUNCTION_EXISTS=setupterm  -nodefaultlibs  -Wl,-allow-shlib-undefined CMakeFiles/cmTC_65db2.dir/CheckFunctionExists.c.o  -o cmTC_65db2  -lncurses -lm -lc -lgcc_s && :
/usr/bin/ld: cannot find -lncurses
collect2: error: ld returned 1 exit status
ninja: build stopped: subcommand failed.


Determining if the function setupterm exists in the ncursesw failed with the following output:
Change Dir: /home/linuxbrew/build/llvm_tools/build-llvm/llvm/CMakeFiles/CMakeTmp

Run Build Command:"/usr/bin/ninja" "cmTC_2ccde"
[1/2] Building C object CMakeFiles/cmTC_2ccde.dir/CheckFunctionExists.c.o
[2/2] Linking C executable cmTC_2ccde
FAILED: cmTC_2ccde 
: && /usr/bin/gcc -fPIC -Werror=date-time -Wall -Wextra -Wno-unused-parameter -Wwrite-strings -Wno-missing-field-initializers -pedantic -Wno-long-long -Wimplicit-fallthrough -Wno-comment -fdiagnostics-color -ffunction-sections -fdata-sections -DCHECK_FUNCTION_EXISTS=setupterm  -nodefaultlibs  -Wl,-allow-shlib-undefined CMakeFiles/cmTC_2ccde.dir/CheckFunctionExists.c.o  -o cmTC_2ccde  -lncursesw -lm -lc -lgcc_s && :
/usr/bin/ld: cannot find -lncursesw
collect2: error: ld returned 1 exit status
ninja: build stopped: subcommand failed.


Determining if the function __cxa_throw exists in the c++ failed with the following output:
Change Dir: /home/linuxbrew/build/llvm_tools/build-llvm/llvm/CMakeFiles/CMakeTmp

Run Build Command:"/usr/bin/ninja" "cmTC_36456"
[1/2] Building C object CMakeFiles/cmTC_36456.dir/CheckFunctionExists.c.o
[2/2] Linking C executable cmTC_36456
FAILED: cmTC_36456 
: && /usr/bin/gcc -fPIC -Werror=date-time -Wall -Wextra -Wno-unused-parameter -Wwrite-strings -Wno-missing-field-initializers -pedantic -Wno-long-long -Wimplicit-fallthrough -Wno-comment -fdiagnostics-color -ffunction-sections -fdata-sections -DCHECK_FUNCTION_EXISTS=__cxa_throw  -nodefaultlibs  -Wl,-allow-shlib-undefined CMakeFiles/cmTC_36456.dir/CheckFunctionExists.c.o  -o cmTC_36456  -lc++ -lm -lc -lgcc_s && :
/usr/bin/ld: cannot find -lc++
collect2: error: ld returned 1 exit status
ninja: build stopped: subcommand failed.


Performing C++ SOURCE FILE Test COMPILER_RT_HAS_FUSE_LD_LLD_FLAG failed with the following output:
Change Dir: /home/linuxbrew/build/llvm_tools/build-llvm/llvm/CMakeFiles/CMakeTmp

Run Build Command:"/usr/bin/ninja" "cmTC_92e26"
[1/2] Building CXX object CMakeFiles/cmTC_92e26.dir/src.cxx.o
[2/2] Linking CXX executable cmTC_92e26
FAILED: cmTC_92e26 
: && /usr/bin/g++  -fPIC -fvisibility-inlines-hidden -Werror=date-time -Wall -Wextra -Wno-unused-parameter -Wwrite-strings -Wcast-qual -Wno-missing-field-initializers -pedantic -Wno-long-long -Wimplicit-fallthrough -Wno-maybe-uninitialized -Wno-noexcept-type -Wdelete-non-virtual-dtor -Wno-comment -fdiagnostics-color -ffunction-sections -fdata-sections -DCOMPILER_RT_HAS_FUSE_LD_LLD_FLAG  -nodefaultlibs -fuse-ld=lld  -Wl,-allow-shlib-undefined CMakeFiles/cmTC_92e26.dir/src.cxx.o  -o cmTC_92e26  -lm -lc -lgcc_s && :
collect2: fatal error: cannot find 'ld'
compilation terminated.
ninja: build stopped: subcommand failed.

Source file was:
int main() { return 0; }
Determining if the __i386__ exist failed with the following output:
Change Dir: /home/linuxbrew/build/llvm_tools/build-llvm/llvm/CMakeFiles/CMakeTmp

Run Build Command:"/usr/bin/ninja" "cmTC_9e597"
[1/2] Building C object CMakeFiles/cmTC_9e597.dir/CheckSymbolExists.c.o
[2/2] Linking C executable cmTC_9e597
FAILED: cmTC_9e597 
: && /usr/bin/gcc -fPIC -Werror=date-time -Wall -Wextra -Wno-unused-parameter -Wwrite-strings -Wno-missing-field-initializers -pedantic -Wno-long-long -Wimplicit-fallthrough -Wno-comment -fdiagnostics-color -ffunction-sections -fdata-sections  -nodefaultlibs  -m32  -Wl,-allow-shlib-undefined CMakeFiles/cmTC_9e597.dir/CheckSymbolExists.c.o  -o cmTC_9e597  -lm -lc -lgcc_s && :
/usr/bin/ld: cannot find Scrt1.o: No such file or directory
/usr/bin/ld: cannot find crti.o: No such file or directory
/usr/bin/ld: skipping incompatible //usr/lib/x86_64-linux-gnu/libm.so when searching for -lm
/usr/bin/ld: skipping incompatible //usr/lib/x86_64-linux-gnu/libm.a when searching for -lm
/usr/bin/ld: cannot find -lm
/usr/bin/ld: skipping incompatible //usr/lib/x86_64-linux-gnu/libc.so when searching for -lc
/usr/bin/ld: skipping incompatible //usr/lib/x86_64-linux-gnu/libc.a when searching for -lc
/usr/bin/ld: cannot find -lc
/usr/bin/ld: skipping incompatible /usr/lib/gcc/x86_64-linux-gnu/7/libgcc_s.so.1 when searching for libgcc_s.so.1
/usr/bin/ld: cannot find libgcc_s.so.1
/usr/bin/ld: skipping incompatible /usr/lib/gcc/x86_64-linux-gnu/7/libgcc.a when searching for -lgcc
/usr/bin/ld: cannot find -lgcc
collect2: error: ld returned 1 exit status
ninja: build stopped: subcommand failed.

File /home/linuxbrew/build/llvm_tools/build-llvm/llvm/CMakeFiles/CMakeTmp/CheckSymbolExists.c:
/* */

int main(int argc, char** argv)
{
  (void)argv;
#ifndef __i386__
  return ((int*)(&__i386__))[argc];
#else
  (void)argc;
  return 0;
#endif
}

Testing compiler for supporting FLAGS-fxray-instrument:
Command: /usr/bin/gcc;;;;-fPIC;-Werror=date-time;-Wall;-Wextra;-Wno-unused-parameter;-Wwrite-strings;-Wno-missing-field-initializers;-pedantic;-Wno-long-long;-Wimplicit-fallthrough;-Wno-comment;-fdiagnostics-color;-ffunction-sections;-fdata-sections;-Wall;-Wno-unused-parameter;-fxray-instrument;-o;/home/linuxbrew/build/llvm_tools/build-llvm/llvm/CMakeFiles/test.o;;;-c;/home/linuxbrew/build/llvm_tools/build-llvm/llvm/CMakeFiles/src.c

[01m[Kgcc:[m[K [01;31m[Kerror: [m[Kunrecognized command line option '[01m[K-fxray-instrument[m[K'

1
Performing C++ SOURCE FILE Test CXX_SUPPORTS_NO_NESTED_ANON_TYPES_FLAG failed with the following output:
Change Dir: /home/linuxbrew/build/llvm_tools/build-llvm/llvm/CMakeFiles/CMakeTmp

Run Build Command:"/usr/bin/ninja" "cmTC_b6cea"
[1/2] Building CXX object CMakeFiles/cmTC_b6cea.dir/src.cxx.o
FAILED: CMakeFiles/cmTC_b6cea.dir/src.cxx.o 
/usr/bin/g++    -fPIC -fvisibility-inlines-hidden -Werror=date-time -Wall -Wextra -Wno-unused-parameter -Wwrite-strings -Wcast-qual -Wno-missing-field-initializers -pedantic -Wno-long-long -Wimplicit-fallthrough -Wno-maybe-uninitialized -Wno-noexcept-type -Wdelete-non-virtual-dtor -Wno-comment -fdiagnostics-color -ffunction-sections -fdata-sections -fno-common -Woverloaded-virtual -fno-strict-aliasing -DCXX_SUPPORTS_NO_NESTED_ANON_TYPES_FLAG   -Werror -Wnested-anon-types -o CMakeFiles/cmTC_b6cea.dir/src.cxx.o -c src.cxx
g++: error: unrecognized command line option '-Wnested-anon-types'; did you mean '-Wnested-externs'?
ninja: build stopped: subcommand failed.

Source file was:
int main() { return 0; }
Performing C++ SOURCE FILE Test HAVE_CXX_FLAG_WSHORTEN_64_TO_32 failed with the following output:
Change Dir: /home/linuxbrew/build/llvm_tools/build-llvm/llvm/CMakeFiles/CMakeTmp

Run Build Command:"/usr/bin/ninja" "cmTC_31e5f"
[1/2] Building CXX object CMakeFiles/cmTC_31e5f.dir/src.cxx.o
FAILED: CMakeFiles/cmTC_31e5f.dir/src.cxx.o 
/usr/bin/g++    -fPIC -fvisibility-inlines-hidden -Werror=date-time -Wall -Wextra -Wno-unused-parameter -Wwrite-strings -Wcast-qual -Wno-missing-field-initializers -pedantic -Wno-long-long -Wimplicit-fallthrough -Wno-maybe-uninitialized -Wno-noexcept-type -Wdelete-non-virtual-dtor -Wno-comment -fdiagnostics-color -ffunction-sections -fdata-sections  -std=c++11  -Wall  -Wextra  -Wshadow  -pedantic  -pedantic-errors -DHAVE_CXX_FLAG_WSHORTEN_64_TO_32  -Wshorten-64-to-32   -Wshorten-64-to-32 -o CMakeFiles/cmTC_31e5f.dir/src.cxx.o -c src.cxx
g++: error: unrecognized command line option '-Wshorten-64-to-32'
g++: error: unrecognized command line option '-Wshorten-64-to-32'
ninja: build stopped: subcommand failed.

Source file was:
int main() { return 0; }
Performing C++ SOURCE FILE Test HAVE_CXX_FLAG_WD654 failed with the following output:
Change Dir: /home/linuxbrew/build/llvm_tools/build-llvm/llvm/CMakeFiles/CMakeTmp

Run Build Command:"/usr/bin/ninja" "cmTC_6a2d7"
[1/2] Building CXX object CMakeFiles/cmTC_6a2d7.dir/src.cxx.o
FAILED: CMakeFiles/cmTC_6a2d7.dir/src.cxx.o 
/usr/bin/g++    -fPIC -fvisibility-inlines-hidden -Werror=date-time -Wall -Wextra -Wno-unused-parameter -Wwrite-strings -Wcast-qual -Wno-missing-field-initializers -pedantic -Wno-long-long -Wimplicit-fallthrough -Wno-maybe-uninitialized -Wno-noexcept-type -Wdelete-non-virtual-dtor -Wno-comment -fdiagnostics-color -ffunction-sections -fdata-sections  -std=c++11  -Wall  -Wextra  -Wshadow  -pedantic  -pedantic-errors  -Wfloat-equal  -fstrict-aliasing  -fno-exceptions  -Wstrict-aliasing -DHAVE_CXX_FLAG_WD654  -wd654   -wd654 -o CMakeFiles/cmTC_6a2d7.dir/src.cxx.o -c src.cxx
g++: error: unrecognized command line option '-wd654'
g++: error: unrecognized command line option '-wd654'
ninja: build stopped: subcommand failed.

Source file was:
int main() { return 0; }
Performing C++ SOURCE FILE Test HAVE_CXX_FLAG_WTHREAD_SAFETY failed with the following output:
Change Dir: /home/linuxbrew/build/llvm_tools/build-llvm/llvm/CMakeFiles/CMakeTmp

Run Build Command:"/usr/bin/ninja" "cmTC_f4d6a"
[1/2] Building CXX object CMakeFiles/cmTC_f4d6a.dir/src.cxx.o
FAILED: CMakeFiles/cmTC_f4d6a.dir/src.cxx.o 
/usr/bin/g++    -fPIC -fvisibility-inlines-hidden -Werror=date-time -Wall -Wextra -Wno-unused-parameter -Wwrite-strings -Wcast-qual -Wno-missing-field-initializers -pedantic -Wno-long-long -Wimplicit-fallthrough -Wno-maybe-uninitialized -Wno-noexcept-type -Wdelete-non-virtual-dtor -Wno-comment -fdiagnostics-color -ffunction-sections -fdata-sections  -std=c++11  -Wall  -Wextra  -Wshadow  -pedantic  -pedantic-errors  -Wfloat-equal  -fstrict-aliasing  -fno-exceptions  -Wstrict-aliasing -DHAVE_CXX_FLAG_WTHREAD_SAFETY  -Wthread-safety   -Wthread-safety -o CMakeFiles/cmTC_f4d6a.dir/src.cxx.o -c src.cxx
g++: error: unrecognized command line option '-Wthread-safety'; did you mean '-fthread-jumps'?
g++: error: unrecognized command line option '-Wthread-safety'; did you mean '-fthread-jumps'?
ninja: build stopped: subcommand failed.

Source file was:
int main() { return 0; }
